[debug] [2025-04-02T21:27:12.335Z] ----------------------------------------------------------------------
[debug] [2025-04-02T21:27:12.338Z] Command:       /usr/local/bin/firebase /Users/sarahhalliday/.cache/firebase/tools/lib/node_modules/firebase-tools/lib/bin/firebase emulators:start --only functions
[debug] [2025-04-02T21:27:12.339Z] CLI Version:   14.0.1
[debug] [2025-04-02T21:27:12.339Z] Platform:      darwin
[debug] [2025-04-02T21:27:12.339Z] Node Version:  v20.18.2
[debug] [2025-04-02T21:27:12.340Z] Time:          Wed Apr 02 2025 14:27:12 GMT-0700 (Pacific Daylight Time)
[debug] [2025-04-02T21:27:12.340Z] ----------------------------------------------------------------------
[debug] 
[debug] [2025-04-02T21:27:12.552Z] Object "/hosting" in "firebase.json" has unknown property: {"additionalProperty":"port"}
[debug] [2025-04-02T21:27:12.553Z] Field "/hosting" in "firebase.json" is possibly invalid: must be array
[debug] [2025-04-02T21:27:12.554Z] Field "/hosting" in "firebase.json" is possibly invalid: must match a schema in anyOf
[debug] [2025-04-02T21:27:12.562Z] > command requires scopes: ["email","openid","https://www.googleapis.com/auth/cloudplatformprojects.readonly","https://www.googleapis.com/auth/firebase","https://www.googleapis.com/auth/cloud-platform"]
[debug] [2025-04-02T21:27:12.563Z] > authorizing via signed-in user (sarah.halliday@gmail.com)
[info] i  emulators: Starting emulators: functions {"metadata":{"emulator":{"name":"hub"},"message":"Starting emulators: functions"}}
[debug] [2025-04-02T21:27:13.095Z] [logging] Logging Emulator only supports listening on one address (127.0.0.1). Not listening on ::1
[debug] [2025-04-02T21:27:13.096Z] assigned listening specs for emulators {"user":{"hub":[{"address":"127.0.0.1","family":"IPv4","port":4400},{"address":"::1","family":"IPv6","port":4400}],"ui":[{"address":"127.0.0.1","family":"IPv4","port":4003},{"address":"::1","family":"IPv6","port":4003}],"logging":[{"address":"127.0.0.1","family":"IPv4","port":4500}]},"metadata":{"message":"assigned listening specs for emulators"}}
[warn] ⚠  emulators: It seems that you are running multiple instances of the emulator suite for project buttonsflowerfarm-8a54d. This may result in unexpected behavior. 
[debug] [2025-04-02T21:27:13.105Z] [hub] writing locator at /var/folders/6c/xrbznqms3jq6mp9xl1n15bqc0000gn/T/hub-buttonsflowerfarm-8a54d.json
[debug] [2025-04-02T21:27:13.671Z] [functions] Functions Emulator only supports listening on one address (127.0.0.1). Not listening on ::1
[debug] [2025-04-02T21:27:13.671Z] [eventarc] Eventarc Emulator only supports listening on one address (127.0.0.1). Not listening on ::1
[debug] [2025-04-02T21:27:13.671Z] [tasks] Cloud Tasks Emulator only supports listening on one address (127.0.0.1). Not listening on ::1
[debug] [2025-04-02T21:27:13.672Z] late-assigned ports for functions and eventarc emulators {"user":{"hub":[{"address":"127.0.0.1","family":"IPv4","port":4400},{"address":"::1","family":"IPv6","port":4400}],"ui":[{"address":"127.0.0.1","family":"IPv4","port":4003},{"address":"::1","family":"IPv6","port":4003}],"logging":[{"address":"127.0.0.1","family":"IPv4","port":4500}],"functions":[{"address":"127.0.0.1","family":"IPv4","port":5002}],"eventarc":[{"address":"127.0.0.1","family":"IPv4","port":9299}],"tasks":[{"address":"127.0.0.1","family":"IPv4","port":9499}]},"metadata":{"message":"late-assigned ports for functions and eventarc emulators"}}
[warn] ⚠  functions: The following emulators are not running, calls to these services from the Functions emulator will affect production: apphosting, auth, firestore, database, hosting, pubsub, storage, dataconnect {"metadata":{"emulator":{"name":"functions"},"message":"The following emulators are not running, calls to these services from the Functions emulator will affect production: \u001b[1mapphosting, auth, firestore, database, hosting, pubsub, storage, dataconnect\u001b[22m"}}
[debug] [2025-04-02T21:27:13.742Z] defaultcredentials: writing to file /Users/sarahhalliday/.config/firebase/sarah_halliday_gmail.com_application_default_credentials.json
[debug] [2025-04-02T21:27:13.743Z] Setting GAC to /Users/sarahhalliday/.config/firebase/sarah_halliday_gmail.com_application_default_credentials.json {"metadata":{"emulator":{"name":"functions"},"message":"Setting GAC to /Users/sarahhalliday/.config/firebase/sarah_halliday_gmail.com_application_default_credentials.json"}}
[debug] [2025-04-02T21:27:13.744Z] Checked if tokens are valid: true, expires at: 1743632051707
[debug] [2025-04-02T21:27:13.744Z] Checked if tokens are valid: true, expires at: 1743632051707
[debug] [2025-04-02T21:27:13.745Z] >>> [apiv2][query] GET https://firebase.googleapis.com/v1beta1/projects/buttonsflowerfarm-8a54d/adminSdkConfig [none]
[debug] [2025-04-02T21:27:14.214Z] <<< [apiv2][status] GET https://firebase.googleapis.com/v1beta1/projects/buttonsflowerfarm-8a54d/adminSdkConfig 200
[debug] [2025-04-02T21:27:14.215Z] <<< [apiv2][body] GET https://firebase.googleapis.com/v1beta1/projects/buttonsflowerfarm-8a54d/adminSdkConfig {"projectId":"buttonsflowerfarm-8a54d","databaseURL":"https://buttonsflowerfarm-8a54d-default-rtdb.firebaseio.com","storageBucket":"buttonsflowerfarm-8a54d.firebasestorage.app"}
[info] i  functions: Watching "/Users/sarahhalliday/Desktop/plant_app/functions" for Cloud Functions... {"metadata":{"emulator":{"name":"functions"},"message":"Watching \"/Users/sarahhalliday/Desktop/plant_app/functions\" for Cloud Functions..."}}
[debug] [2025-04-02T21:27:14.258Z] Validating nodejs source
[debug] [2025-04-02T21:27:14.263Z] checkFunctionsSDKVersion was unable to fetch information from NPM Error: spawnSync npm Unknown system error -8
    at Object.spawnSync (node:internal/child_process:1123:20)
    at Object.spawnSync (node:child_process:877:24)
    at Object.spawnSync (pkg/prelude/bootstrap.js:2092:31)
    at Function.spawnSync [as sync] (/Users/sarahhalliday/.cache/firebase/tools/lib/node_modules/cross-spawn/index.js:26:23)
    at Object.getLatestSDKVersion (/Users/sarahhalliday/.cache/firebase/tools/lib/node_modules/firebase-tools/lib/deploy/functions/runtimes/node/versioning.js:54:25)
    at Object.checkFunctionsSDKVersion (/Users/sarahhalliday/.cache/firebase/tools/lib/node_modules/firebase-tools/lib/deploy/functions/runtimes/node/versioning.js:74:32)
    at Delegate.validate (/Users/sarahhalliday/.cache/firebase/tools/lib/node_modules/firebase-tools/lib/deploy/functions/runtimes/node/index.js:86:20)
    at FunctionsEmulator.discoverTriggers (/Users/sarahhalliday/.cache/firebase/tools/lib/node_modules/firebase-tools/lib/emulator/functionsEmulator.js:313:35)
    at async FunctionsEmulator.loadTriggers (/Users/sarahhalliday/.cache/firebase/tools/lib/node_modules/firebase-tools/lib/emulator/functionsEmulator.js:353:34)
    at async FunctionsEmulator.connect (/Users/sarahhalliday/.cache/firebase/tools/lib/node_modules/firebase-tools/lib/emulator/functionsEmulator.js:279:13)
[debug] [2025-04-02T21:27:14.264Z] > [functions] package.json contents: {
  "name": "functions",
  "description": "Cloud Functions for Firebase",
  "scripts": {
    "lint": "echo 'Linting disabled'",
    "serve": "firebase emulators:start --only functions",
    "shell": "firebase functions:shell",
    "start": "npm run shell",
    "deploy": "firebase deploy --only functions",
    "logs": "firebase functions:log"
  },
  "engines": {
    "node": "22"
  },
  "main": "index.js",
  "dependencies": {
    "@sendgrid/mail": "^8.1.4",
    "cors": "^2.8.5",
    "dotenv": "^16.4.7",
    "firebase-admin": "^12.6.0",
    "node-fetch": "^3.3.2"
  },
  "devDependencies": {
    "eslint": "^8.15.0",
    "eslint-config-google": "^0.14.0",
    "firebase-functions": "^6.3.2",
    "firebase-functions-test": "^3.1.0"
  },
  "private": true
}
[debug] [2025-04-02T21:27:14.264Z] Building nodejs source
[debug] [2025-04-02T21:27:14.264Z] Failed to find version of module node: reached end of search path /Users/sarahhalliday/Desktop/plant_app/functions/node_modules
[warn] ⚠  functions: You've requested "node" version "22", but the standalone Firebase CLI comes with bundled Node "20". 
[info] ✔  functions: To use a different Node.js version, consider removing the standalone Firebase CLI and switching to "firebase-tools" on npm. 
[info] i  functions: Loaded environment variables from .env. 
[debug] [2025-04-02T21:27:14.270Z] Could not find functions.yaml. Must use http discovery
[debug] [2025-04-02T21:27:14.276Z] Found firebase-functions binary at '/Users/sarahhalliday/Desktop/plant_app/functions/node_modules/.bin/firebase-functions'
[info] Serving at port 8758

[error] {"severity":"ERROR","message":"Error: SendGrid API key is not defined in Firebase config or environment variables\n    at entryFromArgs (/Users/sarahhalliday/Desktop/plant_app/functions/node_modules/firebase-functions/lib/logger/index.js:133:19)\n    at Object.error (/Users/sarahhalliday/Desktop/plant_app/functions/node_modules/firebase-functions/lib/logger/index.js:120:11)\n    at Object.<anonymous> (/Users/sarahhalliday/Desktop/plant_app/functions/index.js:80:12)\n    at Module._compile (node:internal/modules/cjs/loader:1469:14)\n    at Module._compile (pkg/prelude/bootstrap.js:1898:32)\n    at Module._extensions..js (node:internal/modules/cjs/loader:1548:10)\n    at Module.load (node:internal/modules/cjs/loader:1288:32)\n    at Module._load (node:internal/modules/cjs/loader:1104:12)\n    at Module.require (node:internal/modules/cjs/loader:1311:19)\n    at Module.require (pkg/prelude/bootstrap.js:1855:31)"}

[debug] [2025-04-02T21:27:15.129Z] Got response from /__/functions.yaml {"endpoints":{"sendEmail":{"availableMemoryMb":null,"timeoutSeconds":null,"minInstances":null,"maxInstances":null,"ingressSettings":null,"concurrency":null,"serviceAccountEmail":null,"vpc":null,"platform":"gcfv2","labels":{},"httpsTrigger":{},"entryPoint":"sendEmail"},"sendOrderEmail":{"availableMemoryMb":null,"timeoutSeconds":null,"minInstances":null,"maxInstances":null,"ingressSettings":null,"concurrency":null,"serviceAccountEmail":null,"vpc":null,"platform":"gcfv2","labels":{},"httpsTrigger":{},"entryPoint":"sendOrderEmail"},"sendContactEmail":{"availableMemoryMb":null,"timeoutSeconds":null,"minInstances":null,"maxInstances":null,"ingressSettings":null,"concurrency":null,"serviceAccountEmail":null,"vpc":null,"platform":"gcfv2","labels":{},"httpsTrigger":{},"entryPoint":"sendContactEmail"}},"specVersion":"v1alpha1","requiredAPIs":[],"extensions":{}}
[info] ✔  functions: Loaded functions definitions from source: sendEmail, sendOrderEmail, sendContactEmail. {"metadata":{"emulator":{"name":"functions"},"message":"Loaded functions definitions from source: sendEmail, sendOrderEmail, sendContactEmail."}}
[info] ✔  functions[us-central1-sendEmail]: http function initialized (http://127.0.0.1:5002/buttonsflowerfarm-8a54d/us-central1/sendEmail). {"metadata":{"emulator":{"name":"functions"},"message":"\u001b[1mhttp\u001b[22m function initialized (http://127.0.0.1:5002/buttonsflowerfarm-8a54d/us-central1/sendEmail)."}}
[info] ✔  functions[us-central1-sendOrderEmail]: http function initialized (http://127.0.0.1:5002/buttonsflowerfarm-8a54d/us-central1/sendOrderEmail). {"metadata":{"emulator":{"name":"functions"},"message":"\u001b[1mhttp\u001b[22m function initialized (http://127.0.0.1:5002/buttonsflowerfarm-8a54d/us-central1/sendOrderEmail)."}}
[info] ✔  functions[us-central1-sendContactEmail]: http function initialized (http://127.0.0.1:5002/buttonsflowerfarm-8a54d/us-central1/sendContactEmail). {"metadata":{"emulator":{"name":"functions"},"message":"\u001b[1mhttp\u001b[22m function initialized (http://127.0.0.1:5002/buttonsflowerfarm-8a54d/us-central1/sendContactEmail)."}}
[debug] [2025-04-02T21:27:19.205Z] Could not find VSCode notification endpoint: FetchError: request to http://localhost:40001/vscode/notify failed, reason: . If you are not running the Firebase Data Connect VSCode extension, this is expected and not an issue.
[info] 
┌─────────────────────────────────────────────────────────────┐
│ ✔  All emulators ready! It is now safe to connect your app. │
│ i  View Emulator UI at http://127.0.0.1:4003/               │
└─────────────────────────────────────────────────────────────┘

┌───────────┬────────────────┬─────────────────────────────────┐
│ Emulator  │ Host:Port      │ View in Emulator UI             │
├───────────┼────────────────┼─────────────────────────────────┤
│ Functions │ 127.0.0.1:5002 │ http://127.0.0.1:4003/functions │
└───────────┴────────────────┴─────────────────────────────────┘
  Emulator Hub host: 127.0.0.1 port: 4400
  Other reserved ports: 4500

Issues? Report them at https://github.com/firebase/firebase-tools/issues and attach the *-debug.log files.
 
[debug] [2025-04-02T21:30:00.507Z] File /Users/sarahhalliday/Desktop/plant_app/functions/index.js changed, reloading triggers {"metadata":{"emulator":{"name":"functions"},"message":"File /Users/sarahhalliday/Desktop/plant_app/functions/index.js changed, reloading triggers"}}
[debug] [2025-04-02T21:30:01.526Z] Validating nodejs source
[debug] [2025-04-02T21:30:01.545Z] checkFunctionsSDKVersion was unable to fetch information from NPM Error: spawnSync npm Unknown system error -8
    at Object.spawnSync (node:internal/child_process:1123:20)
    at Object.spawnSync (node:child_process:877:24)
    at Object.spawnSync (pkg/prelude/bootstrap.js:2092:31)
    at Function.spawnSync [as sync] (/Users/sarahhalliday/.cache/firebase/tools/lib/node_modules/cross-spawn/index.js:26:23)
    at Object.getLatestSDKVersion (/Users/sarahhalliday/.cache/firebase/tools/lib/node_modules/firebase-tools/lib/deploy/functions/runtimes/node/versioning.js:54:25)
    at Object.checkFunctionsSDKVersion (/Users/sarahhalliday/.cache/firebase/tools/lib/node_modules/firebase-tools/lib/deploy/functions/runtimes/node/versioning.js:74:32)
    at Delegate.validate (/Users/sarahhalliday/.cache/firebase/tools/lib/node_modules/firebase-tools/lib/deploy/functions/runtimes/node/index.js:86:20)
    at FunctionsEmulator.discoverTriggers (/Users/sarahhalliday/.cache/firebase/tools/lib/node_modules/firebase-tools/lib/emulator/functionsEmulator.js:313:35)
    at async FunctionsEmulator.loadTriggers (/Users/sarahhalliday/.cache/firebase/tools/lib/node_modules/firebase-tools/lib/emulator/functionsEmulator.js:353:34)
[debug] [2025-04-02T21:30:01.549Z] > [functions] package.json contents: {
  "name": "functions",
  "description": "Cloud Functions for Firebase",
  "scripts": {
    "lint": "echo 'Linting disabled'",
    "serve": "firebase emulators:start --only functions",
    "shell": "firebase functions:shell",
    "start": "npm run shell",
    "deploy": "firebase deploy --only functions",
    "logs": "firebase functions:log"
  },
  "engines": {
    "node": "22"
  },
  "main": "index.js",
  "dependencies": {
    "@sendgrid/mail": "^8.1.4",
    "cors": "^2.8.5",
    "dotenv": "^16.4.7",
    "firebase-admin": "^12.6.0",
    "node-fetch": "^3.3.2"
  },
  "devDependencies": {
    "eslint": "^8.15.0",
    "eslint-config-google": "^0.14.0",
    "firebase-functions": "^6.3.2",
    "firebase-functions-test": "^3.1.0"
  },
  "private": true
}
[debug] [2025-04-02T21:30:01.550Z] Building nodejs source
[debug] [2025-04-02T21:30:01.551Z] Failed to find version of module node: reached end of search path /Users/sarahhalliday/Desktop/plant_app/functions/node_modules
[warn] ⚠  functions: You've requested "node" version "22", but the standalone Firebase CLI comes with bundled Node "20". 
[info] ✔  functions: To use a different Node.js version, consider removing the standalone Firebase CLI and switching to "firebase-tools" on npm. 
[info] i  functions: Loaded environment variables from .env. 
[debug] [2025-04-02T21:30:01.572Z] Could not find functions.yaml. Must use http discovery
[debug] [2025-04-02T21:30:01.588Z] Found firebase-functions binary at '/Users/sarahhalliday/Desktop/plant_app/functions/node_modules/.bin/firebase-functions'
[info] Serving at port 8620

[error] {"severity":"ERROR","message":"Error: SendGrid API key is not defined in Firebase config or environment variables\n    at entryFromArgs (/Users/sarahhalliday/Desktop/plant_app/functions/node_modules/firebase-functions/lib/logger/index.js:133:19)\n    at Object.error (/Users/sarahhalliday/Desktop/plant_app/functions/node_modules/firebase-functions/lib/logger/index.js:120:11)\n    at Object.<anonymous> (/Users/sarahhalliday/Desktop/plant_app/functions/index.js:80:12)\n    at Module._compile (node:internal/modules/cjs/loader:1469:14)\n    at Module._compile (pkg/prelude/bootstrap.js:1898:32)\n    at Module._extensions..js (node:internal/modules/cjs/loader:1548:10)\n    at Module.load (node:internal/modules/cjs/loader:1288:32)\n    at Module._load (node:internal/modules/cjs/loader:1104:12)\n    at Module.require (node:internal/modules/cjs/loader:1311:19)\n    at Module.require (pkg/prelude/bootstrap.js:1855:31)"}

[debug] [2025-04-02T21:30:02.594Z] Got response from /__/functions.yaml {"endpoints":{"sendEmail":{"availableMemoryMb":null,"timeoutSeconds":null,"minInstances":null,"maxInstances":null,"ingressSettings":null,"concurrency":null,"serviceAccountEmail":null,"vpc":null,"platform":"gcfv2","labels":{},"httpsTrigger":{},"entryPoint":"sendEmail"},"sendOrderEmail":{"availableMemoryMb":null,"timeoutSeconds":null,"minInstances":null,"maxInstances":null,"ingressSettings":null,"concurrency":null,"serviceAccountEmail":null,"vpc":null,"platform":"gcfv2","labels":{},"httpsTrigger":{},"entryPoint":"sendOrderEmail"},"sendContactEmail":{"availableMemoryMb":null,"timeoutSeconds":null,"minInstances":null,"maxInstances":null,"ingressSettings":null,"concurrency":null,"serviceAccountEmail":null,"vpc":null,"platform":"gcfv2","labels":{},"httpsTrigger":{},"entryPoint":"sendContactEmail"}},"specVersion":"v1alpha1","requiredAPIs":[],"extensions":{}}
[info] ✔  functions: Loaded functions definitions from source: sendEmail, sendOrderEmail, sendContactEmail. {"metadata":{"emulator":{"name":"functions"},"message":"Loaded functions definitions from source: sendEmail, sendOrderEmail, sendContactEmail."}}
[debug] [2025-04-03T15:23:19.304Z] File /Users/sarahhalliday/Desktop/plant_app/functions/test-email.js changed, reloading triggers {"metadata":{"emulator":{"name":"functions"},"message":"File /Users/sarahhalliday/Desktop/plant_app/functions/test-email.js changed, reloading triggers"}}
[debug] [2025-04-03T15:23:19.381Z] File /Users/sarahhalliday/Desktop/plant_app/functions/test-email.js changed, reloading triggers {"metadata":{"emulator":{"name":"functions"},"message":"File /Users/sarahhalliday/Desktop/plant_app/functions/test-email.js changed, reloading triggers"}}
[debug] [2025-04-03T15:23:20.395Z] Validating nodejs source
[debug] [2025-04-03T15:23:20.410Z] checkFunctionsSDKVersion was unable to fetch information from NPM Error: spawnSync npm Unknown system error -8
    at Object.spawnSync (node:internal/child_process:1123:20)
    at Object.spawnSync (node:child_process:877:24)
    at Object.spawnSync (pkg/prelude/bootstrap.js:2092:31)
    at Function.spawnSync [as sync] (/Users/sarahhalliday/.cache/firebase/tools/lib/node_modules/cross-spawn/index.js:26:23)
    at Object.getLatestSDKVersion (/Users/sarahhalliday/.cache/firebase/tools/lib/node_modules/firebase-tools/lib/deploy/functions/runtimes/node/versioning.js:54:25)
    at Object.checkFunctionsSDKVersion (/Users/sarahhalliday/.cache/firebase/tools/lib/node_modules/firebase-tools/lib/deploy/functions/runtimes/node/versioning.js:74:32)
    at Delegate.validate (/Users/sarahhalliday/.cache/firebase/tools/lib/node_modules/firebase-tools/lib/deploy/functions/runtimes/node/index.js:86:20)
    at FunctionsEmulator.discoverTriggers (/Users/sarahhalliday/.cache/firebase/tools/lib/node_modules/firebase-tools/lib/emulator/functionsEmulator.js:313:35)
    at async FunctionsEmulator.loadTriggers (/Users/sarahhalliday/.cache/firebase/tools/lib/node_modules/firebase-tools/lib/emulator/functionsEmulator.js:353:34)
[debug] [2025-04-03T15:23:20.419Z] > [functions] package.json contents: {
  "name": "functions",
  "description": "Cloud Functions for Firebase",
  "scripts": {
    "lint": "echo 'Linting disabled'",
    "serve": "firebase emulators:start --only functions",
    "shell": "firebase functions:shell",
    "start": "npm run shell",
    "deploy": "firebase deploy --only functions",
    "logs": "firebase functions:log"
  },
  "engines": {
    "node": "22"
  },
  "main": "index.js",
  "dependencies": {
    "@sendgrid/mail": "^8.1.4",
    "cors": "^2.8.5",
    "dotenv": "^16.4.7",
    "firebase-admin": "^12.6.0",
    "node-fetch": "^3.3.2"
  },
  "devDependencies": {
    "eslint": "^8.15.0",
    "eslint-config-google": "^0.14.0",
    "firebase-functions": "^6.3.2",
    "firebase-functions-test": "^3.1.0"
  },
  "private": true
}
[debug] [2025-04-03T15:23:20.420Z] Building nodejs source
[debug] [2025-04-03T15:23:20.421Z] Failed to find version of module node: reached end of search path /Users/sarahhalliday/Desktop/plant_app/functions/node_modules
[warn] ⚠  functions: You've requested "node" version "22", but the standalone Firebase CLI comes with bundled Node "20". 
[info] ✔  functions: To use a different Node.js version, consider removing the standalone Firebase CLI and switching to "firebase-tools" on npm. 
[info] i  functions: Loaded environment variables from .env. 
[debug] [2025-04-03T15:23:20.442Z] Could not find functions.yaml. Must use http discovery
[debug] [2025-04-03T15:23:20.446Z] Found firebase-functions binary at '/Users/sarahhalliday/Desktop/plant_app/functions/node_modules/.bin/firebase-functions'
[info] Serving at port 8444

[error] {"severity":"ERROR","message":"Error: SendGrid API key is not defined in Firebase config or environment variables\n    at entryFromArgs (/Users/sarahhalliday/Desktop/plant_app/functions/node_modules/firebase-functions/lib/logger/index.js:133:19)\n    at Object.error (/Users/sarahhalliday/Desktop/plant_app/functions/node_modules/firebase-functions/lib/logger/index.js:120:11)\n    at Object.<anonymous> (/Users/sarahhalliday/Desktop/plant_app/functions/index.js:80:12)\n    at Module._compile (node:internal/modules/cjs/loader:1469:14)\n    at Module._compile (pkg/prelude/bootstrap.js:1898:32)\n    at Module._extensions..js (node:internal/modules/cjs/loader:1548:10)\n    at Module.load (node:internal/modules/cjs/loader:1288:32)\n    at Module._load (node:internal/modules/cjs/loader:1104:12)\n    at Module.require (node:internal/modules/cjs/loader:1311:19)\n    at Module.require (pkg/prelude/bootstrap.js:1855:31)"}

[debug] [2025-04-03T15:23:22.482Z] Got response from /__/functions.yaml {"endpoints":{"sendEmail":{"availableMemoryMb":null,"timeoutSeconds":null,"minInstances":null,"maxInstances":null,"ingressSettings":null,"concurrency":null,"serviceAccountEmail":null,"vpc":null,"platform":"gcfv2","labels":{},"httpsTrigger":{},"entryPoint":"sendEmail"},"sendOrderEmail":{"availableMemoryMb":null,"timeoutSeconds":null,"minInstances":null,"maxInstances":null,"ingressSettings":null,"concurrency":null,"serviceAccountEmail":null,"vpc":null,"platform":"gcfv2","labels":{},"httpsTrigger":{},"entryPoint":"sendOrderEmail"},"sendContactEmail":{"availableMemoryMb":null,"timeoutSeconds":null,"minInstances":null,"maxInstances":null,"ingressSettings":null,"concurrency":null,"serviceAccountEmail":null,"vpc":null,"platform":"gcfv2","labels":{},"httpsTrigger":{},"entryPoint":"sendContactEmail"}},"specVersion":"v1alpha1","requiredAPIs":[],"extensions":{}}
[info] ✔  functions: Loaded functions definitions from source: sendEmail, sendOrderEmail, sendContactEmail. {"metadata":{"emulator":{"name":"functions"},"message":"Loaded functions definitions from source: sendEmail, sendOrderEmail, sendContactEmail."}}
